#
# A fatal error has been detected by the Java Runtime Environment:
#
#  EXCEPTION_ACCESS_VIOLATION (0xc0000005) at pc=0x00007ff8b36fb804, pid=8880, tid=16544
#
# JRE version: Java(TM) SE Runtime Environment (25.0+37) (build 25+37-LTS-3491)
# Java VM: Java HotSpot(TM) 64-Bit Server VM (25+37-LTS-3491, mixed mode, sharing, tiered, compressed oops, compressed class ptrs, parallel gc, windows-amd64)
# Problematic frame:
# V  [jvm.dll+0x45b804]
#
# No core dump will be written. Minidumps are not enabled by default on client versions of Windows
#
# If you would like to submit a bug report, please visit:
#   https://bugreport.java.com/bugreport/crash.jsp
#

---------------  S U M M A R Y ------------

Command Line: -Djdk.xml.maxGeneralEntitySizeLimit=0 -Djdk.xml.totalEntitySizeLimit=0 --add-modules=ALL-SYSTEM --add-opens=java.base/java.util=ALL-UNNAMED --add-opens=java.base/java.lang=ALL-UNNAMED --add-opens=java.base/sun.nio.fs=ALL-UNNAMED -Declipse.application=org.eclipse.jdt.ls.core.id1 -Dosgi.bundles.defaultStartLevel=4 -Declipse.product=org.eclipse.jdt.ls.core.product -Djava.import.generatesMetadataFilesAtProjectRoot=false -DDetectVMInstallationsJob.disabled=true -Dfile.encoding=utf8 -XX:+UseParallelGC -XX:GCTimeRatio=4 -XX:AdaptiveSizePolicyWeight=90 -Dsun.zip.disableMemoryMapping=true -Xmx2G -Xms100m -Xlog:disable -javaagent:c:\Users\Lenovo\.vscode\extensions\redhat.java-1.50.2025112208\lombok\lombok-1.18.39-4050.jar -XX:+HeapDumpOnOutOfMemoryError -XX:HeapDumpPath=c:\Users\Lenovo\AppData\Roaming\Code\User\workspaceStorage\3e70c17b0af157a259cba7e844dfa678\redhat.java -Daether.dependencyCollector.impl=bf -XX:+UnlockDiagnosticVMOptions -XX:+AllowArchivingWithJavaAgent -XX:+AutoCreateSharedArchive -XX:SharedArchiveFile=c:\Users\Lenovo\AppData\Roaming\Code\User\globalStorage\redhat.java\1.50.2025112208\jdtls.jsa c:\Users\Lenovo\.vscode\extensions\redhat.java-1.50.2025112208\server\plugins\org.eclipse.equinox.launcher_1.7.100.v20251111-0406.jar -configuration c:\Users\Lenovo\AppData\Roaming\Code\User\globalStorage\redhat.java\1.50.2025112208\config_win -data c:\Users\Lenovo\AppData\Roaming\Code\User\workspaceStorage\3e70c17b0af157a259cba7e844dfa678\redhat.java\jdt_ws --pipe=\\.\pipe\lsp-50fc28b828b338aa609a39f9975753f3-sock

Host: 13th Gen Intel(R) Core(TM) i7-13650HX, 20 cores, 15G,  Windows 11 , 64 bit Build 26100 (10.0.26100.7019)
Time: Sun Nov 23 14:24:22 2025 Egypt Standard Time elapsed time: 7549.912766 seconds (0d 2h 5m 49s)

---------------  T H R E A D  ---------------

Current thread (0x000002242e634080):  VMThread "VM Thread"          [id=16544, stack(0x000000775d500000,0x000000775d600000) (1024K)]

Stack: [0x000000775d500000,0x000000775d600000],  sp=0x000000775d5ff100,  free space=1020k
Native frames: (J=compiled Java code, j=interpreted, Vv=VM code, C=native code)
V  [jvm.dll+0x45b804]  (no source info available)
V  [jvm.dll+0x45b84f]  (no source info available)
V  [jvm.dll+0x45b82e]  (no source info available)
V  [jvm.dll+0x4612b6]  (no source info available)
V  [jvm.dll+0x38668a]  (no source info available)
V  [jvm.dll+0x3855c6]  (no source info available)
V  [jvm.dll+0x385a03]  (no source info available)
V  [jvm.dll+0x96ee71]  (no source info available)
V  [jvm.dll+0x97018d]  (no source info available)
V  [jvm.dll+0x970709]  (no source info available)
V  [jvm.dll+0x9709b3]  (no source info available)
V  [jvm.dll+0x90681d]  (no source info available)
V  [jvm.dll+0x7a5015]  (no source info available)
C  [ucrtbase.dll+0x37b0]  (no source info available)
C  [KERNEL32.DLL+0x2e8d7]  (no source info available)
C  [ntdll.dll+0x8c53c]  (no source info available)


siginfo: EXCEPTION_ACCESS_VIOLATION (0xc0000005), reading address 0x00000000000000e0


Registers:
RAX=0x000000003e183901, RBX=0x0000000000000000, RCX=0x0000000000000000, RDX=0x0000000000000000
RSP=0x000000775d5ff100, RBP=0x000000775d5ff210, RSI=0x0000000000000001, RDI=0x00000224649193d0
R8 =0x000002242bf21380, R9 =0x000000000000018e, R10=0x000002242bf20000, R11=0x000000775d5ff180
R12=0x00007ff8b3d6dbc0, R13=0x00007ff8b3d7aca8, R14=0x0000022462625e80, R15=0x00007ff8b3d6dae8
RIP=0x00007ff8b36fb804, EFLAGS=0x0000000000010287

XMM[0]=0x0000000000000000 0x0000000000000000
XMM[1]=0x00000224626243a8 0x00000224626241f0
XMM[2]=0x000002246261e5b0 0x000002246261e558
XMM[3]=0x000002246261eb88 0x000002246261ed98
XMM[4]=0x000002246261f210 0x000002246261ec38
XMM[5]=0x00000224626242f8 0x00000224626243a8
XMM[6]=0x0000000000000000 0x0000000000000000
XMM[7]=0x0000000000000000 0x0000000000000000
XMM[8]=0x0000000000000000 0x404e000000000000
XMM[9]=0x0000000000000000 0x0000000000000000
XMM[10]=0x0000000000000000 0x0000000000000000
XMM[11]=0x0000000000000000 0x0000000000000000
XMM[12]=0x0000000000000000 0x0000000000000000
XMM[13]=0x0000000000000000 0x0000000000000000
XMM[14]=0x0000000000000000 0x0000000000000000
XMM[15]=0x0000000000000000 0x0000000000000000
  MXCSR=0x00001fa0


Register to memory mapping:

RAX=0x000000003e183901 is pointing into metadata
RBX=0x0 is null
RCX=0x0 is null
RDX=0x0 is null
RSP=0x000000775d5ff100 points into unknown readable memory: 0x00007ff8b3d7aca8 | a8 ac d7 b3 f8 7f 00 00
RBP=0x000000775d5ff210 points into unknown readable memory: 0x00007ff8b3d7acb8 | b8 ac d7 b3 f8 7f 00 00
RSI=0x0000000000000001 is an unknown value
RDI=0x00000224649193d0 points into unknown readable memory: 0x0000000000000000 | 00 00 00 00 00 00 00 00
R8 =0x000002242bf21380 points into unknown readable memory: 0x000002242bf20cc0 | c0 0c f2 2b 24 02 00 00
R9 =0x000000000000018e is an unknown value
R10=0x000002242bf20000 points into unknown readable memory: 0x0000000000000000 | 00 00 00 00 00 00 00 00
R11=0x000000775d5ff180 points into unknown readable memory: 0x0000022462626010 | 10 60 62 62 24 02 00 00
R12=0x00007ff8b3d6dbc0 jvm.dll
R13=0x00007ff8b3d7aca8 jvm.dll
R14=0x0000022462625e80 points into unknown readable memory: 0x000000003e010080 | 80 00 01 3e 00 00 00 00
R15=0x00007ff8b3d6dae8 jvm.dll

Top of Stack: (sp=0x000000775d5ff100)
0x000000775d5ff100:   00007ff8b3d7aca8 00007ff8b3d6dbc0   ................
0x000000775d5ff110:   000002242e5acac0 0000000000000048   ..Z.$...H.......
0x000000775d5ff120:   00000224649193d0 00007ff8b36fb84f   ...d$...O.o.....
0x000000775d5ff130:   0000000000000000 0000000000000001   ................
0x000000775d5ff140:   00000224a3232bb0 00007ff8b3906bd6   .+#.$....k......
0x000000775d5ff150:   0000022462626010 00007ff8b36fb82e   .`bb$.....o.....
0x000000775d5ff160:   0000022462625e80 00007ff8b3d93f40   .^bb$...@?......
0x000000775d5ff170:   0000022462625e80 000002242e5acac0   .^bb$.....Z.$...
0x000000775d5ff180:   0000022462626010 00007ff8b37012b6   .`bb$.....p.....
0x000000775d5ff190:   0000000000000000 00007ff8b3d93f40   ........@?......
0x000000775d5ff1a0:   0000022462625e80 000000775d5ff210   .^bb$....._]w...
0x000000775d5ff1b0:   0000000000002f20 0000000000000000    /..............
0x000000775d5ff1c0:   00000000000005e4 000000775d2fee20   ........ ./]w...
0x000000775d5ff1d0:   0000022462625e80 00007ff8b362668a   .^bb$....fb.....
0x000000775d5ff1e0:   0000000000000048 000002242e5acac0   H.........Z.$...
0x000000775d5ff1f0:   0000000000000000 00000000004978b8   .........xI.....
0x000000775d5ff200:   00000224626258d0 00000005000001d8   .Xbb$...........
0x000000775d5ff210:   00007ff8b3d7acb8 0000000000000000   ................
0x000000775d5ff220:   0000000000000000 0000000000000000   ................
0x000000775d5ff230:   00000000000003d8 0000000000000000   ................
0x000000775d5ff240:   000000003f44c8a8 000000775d2fee20   ..D?.... ./]w...
0x000000775d5ff250:   0000000000014538 00007ff8b3d37350   8E......Ps......
0x000000775d5ff260:   00000000000028a7 00007ff8b36255c6   .(.......Ub.....
0x000000775d5ff270:   00007ff8000005e4 0000000000002f20   ........ /......
0x000000775d5ff280:   000002242e5acac0 00007ff8b4018ca8   ..Z.$...........
0x000000775d5ff290:   0000000000000000 0000000000000000   ................
0x000000775d5ff2a0:   0000000000000098 0000000000000000   ................
0x000000775d5ff2b0:   0000000000000000 00007ff8b3c1d473   ........s.......
0x000000775d5ff2c0:   00007ff8b3f93890 0000007763bf0100   .8.........cw...
0x000000775d5ff2d0:   000046bbbce21044 00007ff9800eef34   D....F..4.......
0x000000775d5ff2e0:   0000000000000000 00007ff8b3a40f9f   ................
0x000000775d5ff2f0:   000000000000002b 00007ff8b3c1d343   +.......C.......

Instructions: (pc=0x00007ff8b36fb804)
  0x00007ff8b36fb704:   7e 20 74 0c 4d 89 66 18 4d 89 7e 20 4d 89 6e 28
  0x00007ff8b36fb714:   4c 8b b4 24 08 01 00 00 4c 8b ac 24 10 01 00 00
  0x00007ff8b36fb724:   4c 8b a4 24 18 01 00 00 4c 8b bc 24 00 01 00 00
  0x00007ff8b36fb734:   48 83 7c 24 40 00 74 55 48 8b 9f b0 06 00 00 48
  0x00007ff8b36fb744:   8d 44 24 58 33 c9 48 89 45 a8 48 8d 45 99 48 89
  0x00007ff8b36fb754:   4d c8 89 4d b8 4c 8d 44 24 50 88 4d c0 48 8d 54
  0x00007ff8b36fb764:   24 40 4c 8b cf 48 89 45 b0 48 8d 4c 24 30 48 89
  0x00007ff8b36fb774:   b7 b0 06 00 00 c7 45 bc 08 00 00 00 c6 44 24 30
  0x00007ff8b36fb784:   0e e8 66 f8 01 00 48 89 9f b0 06 00 00 48 8d 4c
  0x00007ff8b36fb794:   24 40 e8 05 eb fd ff 48 8b 9c 24 50 01 00 00 48
  0x00007ff8b36fb7a4:   8b 4d f0 48 33 cc e8 61 c3 58 00 48 81 c4 20 01
  0x00007ff8b36fb7b4:   00 00 5f 5e 5d c3 cc cc cc cc cc cc 0f b7 41 0e
  0x00007ff8b36fb7c4:   66 c1 e8 09 a8 01 74 03 32 c0 c3 e9 6c 9b 20 00
  0x00007ff8b36fb7d4:   cc cc cc cc cc cc cc cc cc cc cc cc 48 89 5c 24
  0x00007ff8b36fb7e4:   08 48 89 74 24 10 57 48 83 ec 20 48 3b 0d 8a ed
  0x00007ff8b36fb7f4:   8d 00 48 8b d9 73 09 48 3b 0d 76 ed 8d 00 73 5b
=>0x00007ff8b36fb804:   48 8b 81 e0 00 00 00 66 83 78 30 32 72 5f 48 8b
  0x00007ff8b36fb814:   01 ff 50 78 48 85 c0 74 15 48 8b 03 48 8b cb ff
  0x00007ff8b36fb824:   50 78 48 8b c8 e8 b2 ff ff ff 84 c0 74 3f 48 8b
  0x00007ff8b36fb834:   bb a0 01 00 00 48 63 37 48 85 f6 7e 1e 33 db 48
  0x00007ff8b36fb844:   83 c7 08 48 8b 0f e8 91 ff ff ff 84 c0 74 1e 48
  0x00007ff8b36fb854:   ff c3 48 83 c7 08 48 3b de 7c e8 b0 01 48 8b 5c
  0x00007ff8b36fb864:   24 30 48 8b 74 24 38 48 83 c4 20 5f c3 48 8b 5c
  0x00007ff8b36fb874:   24 30 32 c0 48 8b 74 24 38 48 83 c4 20 5f c3 cc
  0x00007ff8b36fb884:   cc cc cc cc cc cc cc cc cc cc cc cc 4c 89 44 24
  0x00007ff8b36fb894:   18 53 56 57 48 83 ec 70 48 3b 15 2d 53 8e 00 49
  0x00007ff8b36fb8a4:   8b f0 48 8b fa 48 8b d9 0f 84 88 02 00 00 48 8b
  0x00007ff8b36fb8b4:   4a 08 48 85 c9 0f 84 7b 02 00 00 ff 15 5b e7 87
  0x00007ff8b36fb8c4:   00 48 85 c0 0f 84 6c 02 00 00 48 8b cf e8 8a b9
  0x00007ff8b36fb8d4:   e3 ff 84 c0 0f 85 5c 02 00 00 48 85 db 0f 84 53
  0x00007ff8b36fb8e4:   02 00 00 66 83 7b 04 05 0f 82 48 02 00 00 48 8b
  0x00007ff8b36fb8f4:   b6 a8 03 00 00 48 8b cb 0f b6 43 0a 0a 43 09 0a


Stack slot to memory mapping:

stack at sp + 0 slots: 0x00007ff8b3d7aca8 jvm.dll
stack at sp + 1 slots: 0x00007ff8b3d6dbc0 jvm.dll
stack at sp + 2 slots: 0x000002242e5acac0 points into unknown readable memory: 0x000002242e634720 | 20 47 63 2e 24 02 00 00
stack at sp + 3 slots: 0x0000000000000048 is an unknown value
stack at sp + 4 slots: 0x00000224649193d0 points into unknown readable memory: 0x0000000000000000 | 00 00 00 00 00 00 00 00
stack at sp + 5 slots: 0x00007ff8b36fb84f jvm.dll
stack at sp + 6 slots: 0x0 is null
stack at sp + 7 slots: 0x0000000000000001 is an unknown value

VM_Operation (0x000000775d2fee10): PopulateDumpSharedSpace, mode: safepoint, requested by thread 0x000002242e57ef30


---------------  P R O C E S S  ---------------

Threads class SMR info:
_java_thread_list=0x00000224548f1cc0, length=43, elements={
0x000002242e57ef30, 0x0000022448193910, 0x0000022448194420, 0x000002244819d410,
0x000002244819de70, 0x000002244819fdf0, 0x00000224481a4ac0, 0x000002242e590cb0,
0x000002242e58f480, 0x000002244f383dc0, 0x000002244f384d60, 0x0000022450e7b4d0,
0x0000022451ccb820, 0x0000022451cceed0, 0x0000022451ccf6a0, 0x0000022451ccc7c0,
0x0000022451ccbff0, 0x0000022451ccfe70, 0x0000022451cd0640, 0x0000022451cccf90,
0x0000022451cd0e10, 0x0000022451ccd760, 0x0000022451cd15e0, 0x0000022451cd1db0,
0x0000022451cd2580, 0x0000022451983830, 0x0000022451984fa0, 0x00000224519847d0,
0x0000022451985f40, 0x0000022451985770, 0x0000022451986710, 0x0000022451983060,
0x0000022451984000, 0x0000022451b26fb0, 0x0000022451b2dd10, 0x0000022451b2b600,
0x0000022451b2f480, 0x00000224542c2fe0, 0x00000224542c1870, 0x00000224542c0100,
0x000002244f3ef810, 0x000002244f3f0020, 0x000002244f3f1040
}

Java Threads: ( => current thread )
  0x000002242e57ef30 JavaThread "main"                              [_thread_blocked, id=6080, stack(0x000000775d200000,0x000000775d300000) (1024K)]
  0x0000022448193910 JavaThread "Reference Handler"          daemon [_thread_blocked, id=8600, stack(0x000000775d600000,0x000000775d700000) (1024K)]
  0x0000022448194420 JavaThread "Finalizer"                  daemon [_thread_blocked, id=5172, stack(0x000000775d700000,0x000000775d800000) (1024K)]
  0x000002244819d410 JavaThread "Signal Dispatcher"          daemon [_thread_blocked, id=16796, stack(0x000000775d800000,0x000000775d900000) (1024K)]
  0x000002244819de70 JavaThread "Attach Listener"            daemon [_thread_blocked, id=9788, stack(0x000000775d900000,0x000000775da00000) (1024K)]
  0x000002244819fdf0 JavaThread "Service Thread"             daemon [_thread_blocked, id=3828, stack(0x000000775da00000,0x000000775db00000) (1024K)]
  0x00000224481a4ac0 JavaThread "Monitor Deflation Thread"   daemon [_thread_blocked, id=9208, stack(0x000000775db00000,0x000000775dc00000) (1024K)]
  0x000002242e590cb0 JavaThread "C2 CompilerThread0"         daemon [_thread_blocked, id=7540, stack(0x000000775dc00000,0x000000775dd00000) (1024K)]
  0x000002242e58f480 JavaThread "C1 CompilerThread0"         daemon [_thread_blocked, id=16016, stack(0x000000775dd00000,0x000000775de00000) (1024K)]
  0x000002244f383dc0 JavaThread "Common-Cleaner"             daemon [_thread_blocked, id=7904, stack(0x000000775e100000,0x000000775e200000) (1024K)]
  0x000002244f384d60 JavaThread "Notification Thread"        daemon [_thread_blocked, id=3572, stack(0x000000775e300000,0x000000775e400000) (1024K)]
  0x0000022450e7b4d0 JavaThread "JNA Cleaner"                daemon [_thread_blocked, id=4036, stack(0x0000007760800000,0x0000007760900000) (1024K)]
  0x0000022451ccb820 JavaThread "InnocuousThread-1"          daemon [_thread_in_native, id=16876, stack(0x0000007761800000,0x0000007761900000) (1024K)]
  0x0000022451cceed0 JavaThread "InnocuousThread-2"          daemon [_thread_in_native, id=11360, stack(0x0000007761900000,0x0000007761a00000) (1024K)]
  0x0000022451ccf6a0 JavaThread "InnocuousThread-3"          daemon [_thread_in_native, id=4256, stack(0x0000007761a00000,0x0000007761b00000) (1024K)]
  0x0000022451ccc7c0 JavaThread "InnocuousThread-4"          daemon [_thread_in_native, id=14144, stack(0x0000007761b00000,0x0000007761c00000) (1024K)]
  0x0000022451ccbff0 JavaThread "InnocuousThread-5"          daemon [_thread_in_native, id=7460, stack(0x0000007761c00000,0x0000007761d00000) (1024K)]
  0x0000022451ccfe70 JavaThread "InnocuousThread-6"          daemon [_thread_in_native, id=16244, stack(0x0000007761d00000,0x0000007761e00000) (1024K)]
  0x0000022451cd0640 JavaThread "InnocuousThread-7"          daemon [_thread_in_native, id=8148, stack(0x0000007761e00000,0x0000007761f00000) (1024K)]
  0x0000022451cccf90 JavaThread "InnocuousThread-8"          daemon [_thread_in_native, id=5952, stack(0x0000007761f00000,0x0000007762000000) (1024K)]
  0x0000022451cd0e10 JavaThread "InnocuousThread-9"          daemon [_thread_in_native, id=12252, stack(0x0000007762000000,0x0000007762100000) (1024K)]
  0x0000022451ccd760 JavaThread "InnocuousThread-10"         daemon [_thread_in_native, id=1832, stack(0x0000007762100000,0x0000007762200000) (1024K)]
  0x0000022451cd15e0 JavaThread "InnocuousThread-11"         daemon [_thread_in_native, id=12280, stack(0x0000007762200000,0x0000007762300000) (1024K)]
  0x0000022451cd1db0 JavaThread "InnocuousThread-12"         daemon [_thread_in_native, id=16188, stack(0x0000007762300000,0x0000007762400000) (1024K)]
  0x0000022451cd2580 JavaThread "InnocuousThread-13"         daemon [_thread_in_native, id=10780, stack(0x0000007762400000,0x0000007762500000) (1024K)]
  0x0000022451983830 JavaThread "InnocuousThread-14"         daemon [_thread_in_native, id=16252, stack(0x0000007762500000,0x0000007762600000) (1024K)]
  0x0000022451984fa0 JavaThread "InnocuousThread-15"         daemon [_thread_in_native, id=4032, stack(0x0000007762600000,0x0000007762700000) (1024K)]
  0x00000224519847d0 JavaThread "InnocuousThread-16"         daemon [_thread_in_native, id=14084, stack(0x0000007762700000,0x0000007762800000) (1024K)]
  0x0000022451985f40 JavaThread "InnocuousThread-17"         daemon [_thread_in_native, id=15400, stack(0x0000007762800000,0x0000007762900000) (1024K)]
  0x0000022451985770 JavaThread "InnocuousThread-18"         daemon [_thread_in_native, id=3960, stack(0x0000007762900000,0x0000007762a00000) (1024K)]
  0x0000022451986710 JavaThread "InnocuousThread-19"         daemon [_thread_in_native, id=3916, stack(0x0000007762a00000,0x0000007762b00000) (1024K)]
  0x0000022451983060 JavaThread "InnocuousThread-20"         daemon [_thread_in_native, id=9868, stack(0x0000007762b00000,0x0000007762c00000) (1024K)]
  0x0000022451984000 JavaThread "InnocuousThread-21"         daemon [_thread_in_native, id=13724, stack(0x0000007762c00000,0x0000007762d00000) (1024K)]
  0x0000022451b26fb0 JavaThread "pool-2-thread-1"                   [_thread_blocked, id=12028, stack(0x0000007762d00000,0x0000007762e00000) (1024K)]
  0x0000022451b2dd10 JavaThread "WorkspaceEventsHandler"            [_thread_blocked, id=7880, stack(0x0000007763100000,0x0000007763200000) (1024K)]
  0x0000022451b2b600 JavaThread "pool-1-thread-1"                   [_thread_blocked, id=16712, stack(0x0000007763200000,0x0000007763300000) (1024K)]
  0x0000022451b2f480 JavaThread "Cleaner-0"                  daemon [_thread_blocked, id=6996, stack(0x000000775eb00000,0x000000775ec00000) (1024K)]
  0x00000224542c2fe0 JavaThread "ForkJoinPool.commonPool-worker-66" daemon [_thread_blocked, id=7148, stack(0x000000775cf00000,0x000000775d000000) (1024K)]
  0x00000224542c1870 JavaThread "ForkJoinPool.commonPool-worker-67" daemon [_thread_blocked, id=196, stack(0x000000775d000000,0x000000775d100000) (1024K)]
  0x00000224542c0100 JavaThread "pool-5-thread-1"                   [_thread_blocked, id=18012, stack(0x000000775d100000,0x000000775d200000) (1024K)]
  0x000002244f3ef810 JavaThread "C1 CompilerThread1"         daemon [_thread_blocked, id=10564, stack(0x000000775de00000,0x000000775df00000) (1024K)]
  0x000002244f3f0020 JavaThread "C2 CompilerThread1"         daemon [_thread_blocked, id=10160, stack(0x000000775df00000,0x000000775e000000) (1024K)]
  0x000002244f3f1040 JavaThread "C2 CompilerThread2"         daemon [_thread_blocked, id=16040, stack(0x000000775e000000,0x000000775e100000) (1024K)]
Total: 43

Other Threads:
=>0x000002242e634080 VMThread "VM Thread"                           [id=16544, stack(0x000000775d500000,0x000000775d600000) (1024K)]
  0x000002244818ca00 WatcherThread "VM Periodic Task Thread"        [id=4292, stack(0x000000775d400000,0x000000775d500000) (1024K)]
  0x000002242e59cf70 WorkerThread "GC Thread#0"                     [id=9888, stack(0x000000775d300000,0x000000775d400000) (1024K)]
  0x000002244fca3e60 WorkerThread "GC Thread#1"                     [id=6784, stack(0x000000775e500000,0x000000775e600000) (1024K)]
  0x000002244fdb3140 WorkerThread "GC Thread#2"                     [id=15064, stack(0x000000775e600000,0x000000775e700000) (1024K)]
  0x000002244fdb3570 WorkerThread "GC Thread#3"                     [id=7332, stack(0x000000775e700000,0x000000775e800000) (1024K)]
  0x000002244ffbe030 WorkerThread "GC Thread#4"                     [id=12540, stack(0x000000775ef00000,0x000000775f000000) (1024K)]
  0x000002244fd7c110 WorkerThread "GC Thread#5"                     [id=10080, stack(0x0000007760200000,0x0000007760300000) (1024K)]
  0x0000022451033b60 WorkerThread "GC Thread#6"                     [id=11128, stack(0x0000007760500000,0x0000007760600000) (1024K)]
  0x00000224510325d0 WorkerThread "GC Thread#7"                     [id=8856, stack(0x0000007760600000,0x0000007760700000) (1024K)]
  0x00000224510318e0 WorkerThread "GC Thread#8"                     [id=9084, stack(0x0000007760b00000,0x0000007760c00000) (1024K)]
  0x0000022451031d30 WorkerThread "GC Thread#9"                     [id=4240, stack(0x0000007760c00000,0x0000007760d00000) (1024K)]
  0x0000022451032a20 WorkerThread "GC Thread#10"                    [id=14592, stack(0x0000007760d00000,0x0000007760e00000) (1024K)]
  0x0000022451035de0 WorkerThread "GC Thread#11"                    [id=14728, stack(0x0000007760e00000,0x0000007760f00000) (1024K)]
  0x0000022451038d50 WorkerThread "GC Thread#12"                    [id=4956, stack(0x0000007760f00000,0x0000007761000000) (1024K)]
  0x00000224510377c0 WorkerThread "GC Thread#13"                    [id=16940, stack(0x0000007761000000,0x0000007761100000) (1024K)]
  0x0000022451037c10 WorkerThread "GC Thread#14"                    [id=3324, stack(0x0000007761200000,0x0000007761300000) (1024K)]
Total: 17

Threads with active compile tasks:
C2 CompilerThread0  7549969 25783       4       java.lang.classfile.constantpool.ConstantPoolBuilder::methodRefEntry (22 bytes)
C2 CompilerThread2  7549969 25802       4       java.lang.invoke.DirectMethodHandle::make (275 bytes)
Total: 2

VM state: at safepoint (normal execution)

VM Mutex/Monitor currently owned by a thread:  ([mutex/lock_event])
[0x00007ff8b4018ca8] DumpTimeTable_lock - owner thread: 0x000002242e634080
[0x00007ff8b40194a8] Threads_lock - owner thread: 0x000002242e634080
[0x00007ff8b4019628] Heap_lock - owner thread: 0x000002242e57ef30

Heap address: 0x0000000080000000, size: 2048 MB, Compressed Oops mode: 32-bit

CDS archive(s) mapped at: [0x000000003e000000-0x000000003edd0000-0x000000003edd0000), size 14483456, SharedBaseAddress: 0x000000003e000000, ArchiveRelocationMode: 1.
Compressed class space mapped at: 0x000000003f000000-0x000000007f000000, reserved size: 1073741824
UseCompressedClassPointers 1, UseCompactObjectHeaders 0
Narrow klass pointer bits 32, Max shift 3
Narrow klass base: 0x000000003e000000, Narrow klass shift: 0
Encoding Range: [0x000000003e000000 - 0x000000013e000000), (4294967296 bytes)
Klass Range:    [0x000000003e010000 - 0x000000007f000000), (1090453504 bytes)
Klass ID Range:  [65536 - 1090519033) (1090453497)
Protection zone: [0x000000003e000000 - 0x000000003e010000), (65536 bytes)

GC Precious Log:
 CardTable entry size: 512
 CPUs: 20 total, 20 available
 Memory: 16091M
 Large Page Support: Disabled
 NUMA Support: Disabled
 Compressed Oops: Enabled (32-bit)
 Alignments: Space 512K, Generation 512K, Heap 2M
 Heap Min Capacity: 100M
 Heap Initial Capacity: 100M
 Heap Max Capacity: 2G
 Pre-touch: Disabled
 Parallel Workers: 15

Heap:
 PSYoungGen      total 31232K, used 5417K [0x00000000d5580000, 0x00000000d7880000, 0x0000000100000000)
  eden space 30208K, 14% used [0x00000000d5580000,0x00000000d59eafe0,0x00000000d7300000)
  from space 1024K, 87% used [0x00000000d7300000,0x00000000d73df658,0x00000000d7400000)
  to   space 2048K, 0% used [0x00000000d7680000,0x00000000d7680000,0x00000000d7880000)
 ParOldGen       total 223232K, used 223030K [0x0000000080000000, 0x000000008da00000, 0x00000000d5580000)
  object space 223232K, 99% used [0x0000000080000000,0x000000008d9cdb28,0x000000008da00000)

Card table byte_map: [0x000002242e080000,0x000002242e480000] _byte_map_base: 0x000002242dc80000

Marking Bits: (ParMarkBitMap*) 0x00007ff8b401e9c0
 Begin Bits: [0x00000224460b0000, 0x00000224480b0000)

Polling page: 0x000002242c260000

Metaspace:
Metaspace        used 88792K, committed 90752K, reserved 1179648K
 class space     used 7887K, committed 8768K, reserved 1048576K

Usage:
  Non-class:     79.01 MB used.
      Class:      7.70 MB used.
       Both:     86.71 MB used.

Virtual space:
  Non-class space:      128.00 MB reserved,      80.06 MB ( 63%) committed,  2 nodes.
      Class space:        1.00 GB reserved,       8.56 MB ( <1%) committed,  1 nodes.
             Both:        1.12 GB reserved,      88.62 MB (  8%) committed. 

Chunk freelists:
   Non-Class:  15.99 MB
       Class:  7.41 MB
        Both:  23.40 MB

MaxMetaspaceSize: unlimited
CompressedClassSpaceSize: 1.00 GB
Initial GC threshold: 21.00 MB
Current GC threshold: 138.06 MB
CDS: on
 - commit_granule_bytes: 65536.
 - commit_granule_words: 8192.
 - virtual_space_node_default_size: 8388608.
 - enlarge_chunks_in_place: 1.
UseCompressedClassPointers 1, UseCompactObjectHeaders 0
Narrow klass pointer bits 32, Max shift 3
Narrow klass base: 0x000000003e000000, Narrow klass shift: 0
Encoding Range: [0x000000003e000000 - 0x000000013e000000), (4294967296 bytes)
Klass Range:    [0x000000003e010000 - 0x000000007f000000), (1090453504 bytes)
Klass ID Range:  [65536 - 1090519033) (1090453497)
Protection zone: [0x000000003e000000 - 0x000000003e010000), (65536 bytes)


Internal statistics:

num_allocs_failed_limit: 13.
num_arena_births: 2112.
num_arena_deaths: 212.
num_vsnodes_births: 3.
num_vsnodes_deaths: 0.
num_space_committed: 1418.
num_space_uncommitted: 0.
num_chunks_returned_to_freelist: 228.
num_chunks_taken_from_freelist: 6311.
num_chunk_merges: 70.
num_chunk_splits: 3895.
num_chunks_enlarged: 2243.
num_inconsistent_stats: 0.

CodeHeap 'non-profiled nmethods': size=119232Kb used=19988Kb max_used=19988Kb free=99243Kb
 bounds [0x000002243e990000, 0x000002243fd20000, 0x0000022445e00000]
CodeHeap 'profiled nmethods': size=119104Kb used=47553Kb max_used=47553Kb free=71550Kb
 bounds [0x0000022436e00000, 0x0000022439c80000, 0x000002243e250000]
CodeHeap 'non-nmethods': size=7424Kb used=2205Kb max_used=3346Kb free=5218Kb
 bounds [0x000002243e250000, 0x000002243e5b0000, 0x000002243e990000]
CodeCache: size=245760Kb, used=69746Kb, max_used=70887Kb, free=176011Kb
 total_blobs=24969, nmethods=24051, adapters=816, full_count=0
Compilation: enabled, stopped_count=0, restarted_count=0

Compilation events (20 events):
Event: 7548.831 Thread 0x000002242e58f480 nmethod 25806 0x0000022439c6d488 code [0x0000022439c6d580, 0x0000022439c6d6d8]
Event: 7548.831 Thread 0x000002244f3ef810 25807       3       java.lang.invoke.ClassSpecializer$Factory$1$1Var::nextIndex (18 bytes)
Event: 7548.831 Thread 0x000002242e58f480 25809       3       java.lang.invoke.ClassSpecializer$Factory$1$1Var::<init> (137 bytes)
Event: 7548.831 Thread 0x000002244f3ef810 nmethod 25807 0x0000022439c6d788 code [0x0000022439c6d880, 0x0000022439c6dc18]
Event: 7548.831 Thread 0x000002244f3ef810 25810       3       java.lang.invoke.ClassSpecializer$Factory$1$1Var::nextSlotIndex (24 bytes)
Event: 7548.831 Thread 0x000002244f3ef810 nmethod 25810 0x0000022439c6dc88 code [0x0000022439c6dd80, 0x0000022439c6e110]
Event: 7548.831 Thread 0x000002244f3ef810 25811       3       java.lang.invoke.ClassSpecializer$Factory$1$1Var::emitLoadInstruction (19 bytes)
Event: 7548.831 Thread 0x000002244f3ef810 nmethod 25811 0x0000022439c6e188 code [0x0000022439c6e280, 0x0000022439c6e430]
Event: 7548.831 Thread 0x000002244f3ef810 25812       3       jdk.internal.classfile.impl.DirectCodeBuilder::getfield (22 bytes)
Event: 7548.831 Thread 0x000002244f3ef810 nmethod 25812 0x0000022439c6e488 code [0x0000022439c6e580, 0x0000022439c6ea50]
Event: 7548.832 Thread 0x000002242e58f480 nmethod 25809 0x0000022439c6ea88 code [0x0000022439c6eb80, 0x0000022439c706b8]
Event: 7548.833 Thread 0x000002244f3f0020 nmethod 25803 0x000002243fd13f08 code [0x000002243fd14000, 0x000002243fd146f0]
Event: 7548.833 Thread 0x000002244f3f0020 25808       4       jdk.internal.classfile.impl.AbstractPoolEntry$Utf8EntryImpl::hashCode (8 bytes)
Event: 7548.833 Thread 0x000002244f3f0020 nmethod 25808 0x000002243fd14708 code [0x000002243fd14800, 0x000002243fd148a0]
Event: 7548.833 Thread 0x000002244f3f0020 25813       4       jdk.internal.classfile.impl.SplitConstantPool::utf8Entry (6 bytes)
Event: 7548.834 Thread 0x000002244f3f0020 nmethod 25813 0x000002243fd14a08 code [0x000002243fd14b00, 0x000002243fd14c38]
Event: 7548.834 Thread 0x000002244f3f0020 25814       4       jdk.internal.classfile.impl.AbstractPoolEntry$Utf8EntryImpl::fieldTypeSymbol (34 bytes)
Event: 7548.834 Thread 0x000002244f3f0020 nmethod 25814 0x000002243fd14d08 code [0x000002243fd14e00, 0x000002243fd14f20]
Event: 7548.834 Thread 0x000002244f3f0020 25804       4       jdk.internal.classfile.impl.DirectMethodBuilder::<init> (42 bytes)
Event: 7548.835 Thread 0x000002244f3f0020 nmethod 25804 0x000002243fd15008 code [0x000002243fd15100, 0x000002243fd15338]

GC Heap Usage History (20 events):
Event: 7181.802 {heap Before GC invocations=292 (full 4):
 PSYoungGen      total 34304K, used 34272K [0x00000000d5580000, 0x00000000d8000000, 0x0000000100000000)
  eden space 30208K, 100% used [0x00000000d5580000,0x00000000d7300000,0x00000000d7300000)
  from space 4096K, 99% used [0x00000000d7380000,0x00000000d7778020,0x00000000d7780000)
  to   space 6656K, 0% used [0x00000000d7980000,0x00000000d7980000,0x00000000d8000000)
 ParOldGen       total 207872K, used 207765K [0x0000000080000000, 0x000000008cb00000, 0x00000000d558Event: 7181.806 {heap After GC invocations=292 (full 4):
 PSYoungGen      total 32256K, used 2368K [0x00000000d5580000, 0x00000000d7c00000, 0x0000000100000000)
  eden space 29696K, 0% used [0x00000000d5580000,0x00000000d5580000,0x00000000d7280000)
  from space 2560K, 92% used [0x00000000d7980000,0x00000000d7bd0020,0x00000000d7c00000)
  to   space 4096K, 0% used [0x00000000d7400000,0x00000000d7400000,0x00000000d7800000)
 ParOldGen       total 211968K, used 211751K [0x0000000080000000, 0x000000008cf00000, 0x00000000d5580000Event: 7186.507 {heap Before GC invocations=293 (full 4):
 PSYoungGen      total 32256K, used 32064K [0x00000000d5580000, 0x00000000d7c00000, 0x0000000100000000)
  eden space 29696K, 100% used [0x00000000d5580000,0x00000000d7280000,0x00000000d7280000)
  from space 2560K, 92% used [0x00000000d7980000,0x00000000d7bd0020,0x00000000d7c00000)
  to   space 4096K, 0% used [0x00000000d7400000,0x00000000d7400000,0x00000000d7800000)
 ParOldGen       total 211968K, used 211751K [0x0000000080000000, 0x000000008cf00000, 0x00000000d558Event: 7186.509 {heap After GC invocations=293 (full 4):
 PSYoungGen      total 31232K, used 1791K [0x00000000d5580000, 0x00000000d7a00000, 0x0000000100000000)
  eden space 29184K, 0% used [0x00000000d5580000,0x00000000d5580000,0x00000000d7200000)
  from space 2048K, 87% used [0x00000000d7400000,0x00000000d75bffd8,0x00000000d7600000)
  to   space 2560K, 0% used [0x00000000d7780000,0x00000000d7780000,0x00000000d7a00000)
 ParOldGen       total 214016K, used 213618K [0x0000000080000000, 0x000000008d100000, 0x00000000d5580000Event: 7202.697 {heap Before GC invocations=294 (full 4):
 PSYoungGen      total 31232K, used 30974K [0x00000000d5580000, 0x00000000d7a00000, 0x0000000100000000)
  eden space 29184K, 99% used [0x00000000d5580000,0x00000000d71ffc10,0x00000000d7200000)
  from space 2048K, 87% used [0x00000000d7400000,0x00000000d75bffd8,0x00000000d7600000)
  to   space 2560K, 0% used [0x00000000d7780000,0x00000000d7780000,0x00000000d7a00000)
 ParOldGen       total 214016K, used 213618K [0x0000000080000000, 0x000000008d100000, 0x00000000d5580Event: 7202.699 {heap After GC invocations=294 (full 4):
 PSYoungGen      total 34816K, used 1988K [0x00000000d5580000, 0x00000000d7980000, 0x0000000100000000)
  eden space 32768K, 0% used [0x00000000d5580000,0x00000000d5580000,0x00000000d7580000)
  from space 2048K, 97% used [0x00000000d7780000,0x00000000d79710e8,0x00000000d7980000)
  to   space 2048K, 0% used [0x00000000d7580000,0x00000000d7580000,0x00000000d7780000)
 ParOldGen       total 214016K, used 213762K [0x0000000080000000, 0x000000008d100000, 0x00000000d5580000Event: 7232.787 {heap Before GC invocations=295 (full 4):
 PSYoungGen      total 34816K, used 34756K [0x00000000d5580000, 0x00000000d7980000, 0x0000000100000000)
  eden space 32768K, 100% used [0x00000000d5580000,0x00000000d7580000,0x00000000d7580000)
  from space 2048K, 97% used [0x00000000d7780000,0x00000000d79710e8,0x00000000d7980000)
  to   space 2048K, 0% used [0x00000000d7580000,0x00000000d7580000,0x00000000d7780000)
 ParOldGen       total 214016K, used 213762K [0x0000000080000000, 0x000000008d100000, 0x00000000d558Event: 7232.789 {heap After GC invocations=295 (full 4):
 PSYoungGen      total 34304K, used 2016K [0x00000000d5580000, 0x00000000d7f00000, 0x0000000100000000)
  eden space 32256K, 0% used [0x00000000d5580000,0x00000000d5580000,0x00000000d7500000)
  from space 2048K, 98% used [0x00000000d7580000,0x00000000d7778080,0x00000000d7780000)
  to   space 5120K, 0% used [0x00000000d7a00000,0x00000000d7a00000,0x00000000d7f00000)
 ParOldGen       total 216576K, used 216226K [0x0000000080000000, 0x000000008d380000, 0x00000000d5580000Event: 7252.798 {heap Before GC invocations=296 (full 4):
 PSYoungGen      total 34304K, used 34272K [0x00000000d5580000, 0x00000000d7f00000, 0x0000000100000000)
  eden space 32256K, 100% used [0x00000000d5580000,0x00000000d7500000,0x00000000d7500000)
  from space 2048K, 98% used [0x00000000d7580000,0x00000000d7778080,0x00000000d7780000)
  to   space 5120K, 0% used [0x00000000d7a00000,0x00000000d7a00000,0x00000000d7f00000)
 ParOldGen       total 216576K, used 216226K [0x0000000080000000, 0x000000008d380000, 0x00000000d558Event: 7252.801 {heap After GC invocations=296 (full 4):
 PSYoungGen      total 35328K, used 3148K [0x00000000d5580000, 0x00000000d7d80000, 0x0000000100000000)
  eden space 31744K, 0% used [0x00000000d5580000,0x00000000d5580000,0x00000000d7480000)
  from space 3584K, 87% used [0x00000000d7a00000,0x00000000d7d13030,0x00000000d7d80000)
  to   space 4096K, 0% used [0x00000000d7580000,0x00000000d7580000,0x00000000d7980000)
 ParOldGen       total 218624K, used 218131K [0x0000000080000000, 0x000000008d580000, 0x00000000d5580000Event: 7305.736 {heap Before GC invocations=297 (full 4):
 PSYoungGen      total 35328K, used 34892K [0x00000000d5580000, 0x00000000d7d80000, 0x0000000100000000)
  eden space 31744K, 100% used [0x00000000d5580000,0x00000000d7480000,0x00000000d7480000)
  from space 3584K, 87% used [0x00000000d7a00000,0x00000000d7d13030,0x00000000d7d80000)
  to   space 4096K, 0% used [0x00000000d7580000,0x00000000d7580000,0x00000000d7980000)
 ParOldGen       total 218624K, used 218131K [0x0000000080000000, 0x000000008d580000, 0x00000000d558Event: 7305.738 {heap After GC invocations=297 (full 4):
 PSYoungGen      total 32768K, used 1376K [0x00000000d5580000, 0x00000000d7a80000, 0x0000000100000000)
  eden space 31232K, 0% used [0x00000000d5580000,0x00000000d5580000,0x00000000d7400000)
  from space 1536K, 89% used [0x00000000d7580000,0x00000000d76d8060,0x00000000d7700000)
  to   space 2560K, 0% used [0x00000000d7800000,0x00000000d7800000,0x00000000d7a80000)
 ParOldGen       total 218624K, used 218195K [0x0000000080000000, 0x000000008d580000, 0x00000000d5580000Event: 7319.350 {heap Before GC invocations=298 (full 4):
 PSYoungGen      total 32768K, used 32608K [0x00000000d5580000, 0x00000000d7a80000, 0x0000000100000000)
  eden space 31232K, 100% used [0x00000000d5580000,0x00000000d7400000,0x00000000d7400000)
  from space 1536K, 89% used [0x00000000d7580000,0x00000000d76d8060,0x00000000d7700000)
  to   space 2560K, 0% used [0x00000000d7800000,0x00000000d7800000,0x00000000d7a80000)
 ParOldGen       total 218624K, used 218195K [0x0000000080000000, 0x000000008d580000, 0x00000000d558Event: 7319.352 {heap After GC invocations=298 (full 4):
 PSYoungGen      total 35328K, used 544K [0x00000000d5580000, 0x00000000d7900000, 0x0000000100000000)
  eden space 34304K, 0% used [0x00000000d5580000,0x00000000d5580000,0x00000000d7700000)
  from space 1024K, 53% used [0x00000000d7800000,0x00000000d7888020,0x00000000d7900000)
  to   space 1024K, 0% used [0x00000000d7700000,0x00000000d7700000,0x00000000d7800000)
 ParOldGen       total 219136K, used 219063K [0x0000000080000000, 0x000000008d600000, 0x00000000d5580000)Event: 7328.964 {heap Before GC invocations=299 (full 4):
 PSYoungGen      total 35328K, used 34848K [0x00000000d5580000, 0x00000000d7900000, 0x0000000100000000)
  eden space 34304K, 100% used [0x00000000d5580000,0x00000000d7700000,0x00000000d7700000)
  from space 1024K, 53% used [0x00000000d7800000,0x00000000d7888020,0x00000000d7900000)
  to   space 1024K, 0% used [0x00000000d7700000,0x00000000d7700000,0x00000000d7800000)
 ParOldGen       total 219136K, used 219063K [0x0000000080000000, 0x000000008d600000, 0x00000000d558Event: 7328.965 {heap After GC invocations=299 (full 4):
 PSYoungGen      total 34816K, used 624K [0x00000000d5580000, 0x00000000d7880000, 0x0000000100000000)
  eden space 33792K, 0% used [0x00000000d5580000,0x00000000d5580000,0x00000000d7680000)
  from space 1024K, 60% used [0x00000000d7700000,0x00000000d779c030,0x00000000d7800000)
  to   space 512K, 0% used [0x00000000d7800000,0x00000000d7800000,0x00000000d7880000)
 ParOldGen       total 219136K, used 219087K [0x0000000080000000, 0x000000008d600000, 0x00000000d5580000)
Event: 7548.514 {heap Before GC invocations=300 (full 4):
 PSYoungGen      total 34816K, used 34416K [0x00000000d5580000, 0x00000000d7880000, 0x0000000100000000)
  eden space 33792K, 100% used [0x00000000d5580000,0x00000000d7680000,0x00000000d7680000)
  from space 1024K, 60% used [0x00000000d7700000,0x00000000d779c030,0x00000000d7800000)
  to   space 512K, 0% used [0x00000000d7800000,0x00000000d7800000,0x00000000d7880000)
 ParOldGen       total 219136K, used 219087K [0x0000000080000000, 0x000000008d600000, 0x00000000d5580Event: 7548.517 {heap After GC invocations=300 (full 4):
 PSYoungGen      total 30720K, used 502K [0x00000000d5580000, 0x00000000d8000000, 0x0000000100000000)
  eden space 30208K, 0% used [0x00000000d5580000,0x00000000d5580000,0x00000000d7300000)
  from space 512K, 98% used [0x00000000d7800000,0x00000000d787d800,0x00000000d7880000)
  to   space 5120K, 0% used [0x00000000d7300000,0x00000000d7300000,0x00000000d7800000)
 ParOldGen       total 222720K, used 222678K [0x0000000080000000, 0x000000008d980000, 0x00000000d5580000)
Event: 7548.824 {heap Before GC invocations=301 (full 4):
 PSYoungGen      total 30720K, used 30709K [0x00000000d5580000, 0x00000000d8000000, 0x0000000100000000)
  eden space 30208K, 99% used [0x00000000d5580000,0x00000000d72ffdb8,0x00000000d7300000)
  from space 512K, 98% used [0x00000000d7800000,0x00000000d787d800,0x00000000d7880000)
  to   space 5120K, 0% used [0x00000000d7300000,0x00000000d7300000,0x00000000d7800000)
 ParOldGen       total 222720K, used 222678K [0x0000000080000000, 0x000000008d980000, 0x00000000d55800Event: 7548.826 {heap After GC invocations=301 (full 4):
 PSYoungGen      total 31232K, used 893K [0x00000000d5580000, 0x00000000d7880000, 0x0000000100000000)
  eden space 30208K, 0% used [0x00000000d5580000,0x00000000d5580000,0x00000000d7300000)
  from space 1024K, 87% used [0x00000000d7300000,0x00000000d73df658,0x00000000d7400000)
  to   space 2048K, 0% used [0x00000000d7680000,0x00000000d7680000,0x00000000d7880000)
 ParOldGen       total 223232K, used 223030K [0x0000000080000000, 0x000000008da00000, 0x00000000d5580000)
Metaspace Usage History (20 events):
Event: 7181.802 {metaspace Before GC invocations=292 (full 4):
 Metaspace       used 87159K, committed 88640K, reserved 1179648K
  class space    used 7628K, committed 8320K, reserved 1048576K
}
Event: 7181.806 {metaspace After GC invocations=292 (full 4):
 Metaspace       used 87159K, committed 88640K, reserved 1179648K
  class space    used 7628K, committed 8320K, reserved 1048576K
}
Event: 7186.507 {metaspace Before GC invocations=293 (full 4):
 Metaspace       used 87170K, committed 88640K, reserved 1179648K
  class space    used 7628K, committed 8320K, reserved 1048576K
}
Event: 7186.509 {metaspace After GC invocations=293 (full 4):
 Metaspace       used 87170K, committed 88640K, reserved 1179648K
  class space    used 7628K, committed 8320K, reserved 1048576K
}
Event: 7202.697 {metaspace Before GC invocations=294 (full 4):
 Metaspace       used 87178K, committed 88640K, reserved 1179648K
  class space    used 7628K, committed 8320K, reserved 1048576K
}
Event: 7202.699 {metaspace After GC invocations=294 (full 4):
 Metaspace       used 87178K, committed 88640K, reserved 1179648K
  class space    used 7628K, committed 8320K, reserved 1048576K
}
Event: 7232.787 {metaspace Before GC invocations=295 (full 4):
 Metaspace       used 87195K, committed 88640K, reserved 1179648K
  class space    used 7628K, committed 8320K, reserved 1048576K
}
Event: 7232.789 {metaspace After GC invocations=295 (full 4):
 Metaspace       used 87195K, committed 88640K, reserved 1179648K
  class space    used 7628K, committed 8320K, reserved 1048576K
}
Event: 7252.798 {metaspace Before GC invocations=296 (full 4):
 Metaspace       used 87200K, committed 88640K, reserved 1179648K
  class space    used 7628K, committed 8320K, reserved 1048576K
}
Event: 7252.801 {metaspace After GC invocations=296 (full 4):
 Metaspace       used 87200K, committed 88640K, reserved 1179648K
  class space    used 7628K, committed 8320K, reserved 1048576K
}
Event: 7305.736 {metaspace Before GC invocations=297 (full 4):
 Metaspace       used 87239K, committed 88704K, reserved 1179648K
  class space    used 7632K, committed 8320K, reserved 1048576K
}
Event: 7305.738 {metaspace After GC invocations=297 (full 4):
 Metaspace       used 87239K, committed 88704K, reserved 1179648K
  class space    used 7632K, committed 8320K, reserved 1048576K
}
Event: 7319.350 {metaspace Before GC invocations=298 (full 4):
 Metaspace       used 87252K, committed 88704K, reserved 1179648K
  class space    used 7632K, committed 8320K, reserved 1048576K
}
Event: 7319.352 {metaspace After GC invocations=298 (full 4):
 Metaspace       used 87252K, committed 88704K, reserved 1179648K
  class space    used 7632K, committed 8320K, reserved 1048576K
}
Event: 7328.964 {metaspace Before GC invocations=299 (full 4):
 Metaspace       used 87284K, committed 88768K, reserved 1179648K
  class space    used 7632K, committed 8320K, reserved 1048576K
}
Event: 7328.965 {metaspace After GC invocations=299 (full 4):
 Metaspace       used 87284K, committed 88768K, reserved 1179648K
  class space    used 7632K, committed 8320K, reserved 1048576K
}
Event: 7548.514 {metaspace Before GC invocations=300 (full 4):
 Metaspace       used 87681K, committed 89152K, reserved 1179648K
  class space    used 7677K, committed 8384K, reserved 1048576K
}
Event: 7548.517 {metaspace After GC invocations=300 (full 4):
 Metaspace       used 87681K, committed 89152K, reserved 1179648K
  class space    used 7677K, committed 8384K, reserved 1048576K
}
Event: 7548.824 {metaspace Before GC invocations=301 (full 4):
 Metaspace       used 88566K, committed 90496K, reserved 1179648K
  class space    used 7875K, committed 8768K, reserved 1048576K
}
Event: 7548.826 {metaspace After GC invocations=301 (full 4):
 Metaspace       used 88566K, committed 90496K, reserved 1179648K
  class space    used 7875K, committed 8768K, reserved 1048576K
}

Dll operation events (12 events):
Event: 0.007 Loaded shared library C:\Program Files\Java\jdk-25\bin\java.dll
Event: 0.017 Loaded shared library C:\Program Files\Java\jdk-25\bin\zip.dll
Event: 0.059 Loaded shared library C:\Program Files\Java\jdk-25\bin\instrument.dll
Event: 0.062 Loaded shared library C:\Program Files\Java\jdk-25\bin\net.dll
Event: 0.063 Loaded shared library C:\Program Files\Java\jdk-25\bin\nio.dll
Event: 0.066 Loaded shared library C:\Program Files\Java\jdk-25\bin\zip.dll
Event: 0.080 Loaded shared library C:\Program Files\Java\jdk-25\bin\jimage.dll
Event: 0.124 Loaded shared library C:\Program Files\Java\jdk-25\bin\verify.dll
Event: 0.921 Loaded shared library C:\Users\Lenovo\AppData\Roaming\Code\User\globalStorage\redhat.java\1.50.2025112208\config_win\org.eclipse.equinox.launcher\org.eclipse.equinox.launcher.win32.win32.x86_64_1.2.1400.v20250801-0854\eclipse_11916.dll
Event: 1.904 Loaded shared library C:\Users\Lenovo\AppData\Local\Temp\jna--1813078852\jna4310203446977948545.dll
Event: 2465.953 Loaded shared library C:\Program Files\Java\jdk-25\bin\sunmscapi.dll
Event: 2465.996 Loaded shared library C:\Program Files\Java\jdk-25\bin\extnet.dll

Deoptimization events (20 events):
Event: 7548.758 Thread 0x000002242e57ef30 Uncommon trap: trap_request=0xffffff45 fr.pc=0x000002243ed9d370 relative=0x0000000000001fd0
Event: 7548.758 Thread 0x000002242e57ef30 Uncommon trap: reason=unstable_if action=reinterpret pc=0x000002243ed9d370 method=jdk.internal.classfile.impl.SplitConstantPool.findEntry(ILjdk/internal/classfile/impl/AbstractPoolEntry;Ljdk/internal/classfile/impl/AbstractPoolEntry;)Ljdk/internal/classfi
Event: 7548.758 Thread 0x000002242e57ef30 DEOPT PACKING pc=0x000002243ed9d370 sp=0x000000775d2fdb60
Event: 7548.759 Thread 0x000002242e57ef30 DEOPT UNPACKING pc=0x000002243e367b82 sp=0x000000775d2fda28 mode 2
Event: 7548.759 Thread 0x000002242e57ef30 Uncommon trap: trap_request=0xffffff45 fr.pc=0x000002243ea15b00 relative=0x00000000000007e0
Event: 7548.759 Thread 0x000002242e57ef30 Uncommon trap: reason=unstable_if action=reinterpret pc=0x000002243ea15b00 method=jdk.internal.classfile.impl.EntryMap.put(II)V @ 89 c2
Event: 7548.759 Thread 0x000002242e57ef30 DEOPT PACKING pc=0x000002243ea15b00 sp=0x000000775d2fda40
Event: 7548.759 Thread 0x000002242e57ef30 DEOPT UNPACKING pc=0x000002243e367b82 sp=0x000000775d2fd960 mode 2
Event: 7548.759 Thread 0x000002242e57ef30 Uncommon trap: trap_request=0xffffff45 fr.pc=0x000002243eb80d14 relative=0x00000000000005f4
Event: 7548.759 Thread 0x000002242e57ef30 Uncommon trap: reason=unstable_if action=reinterpret pc=0x000002243eb80d14 method=jdk.internal.classfile.impl.SplitConstantPool.findEntry(ILjdk/internal/classfile/impl/AbstractPoolEntry;Ljdk/internal/classfile/impl/AbstractPoolEntry;)Ljdk/internal/classfi
Event: 7548.759 Thread 0x000002242e57ef30 DEOPT PACKING pc=0x000002243eb80d14 sp=0x000000775d2fda40
Event: 7548.759 Thread 0x000002242e57ef30 DEOPT UNPACKING pc=0x000002243e367b82 sp=0x000000775d2fd9e0 mode 2
Event: 7548.764 Thread 0x000002242e57ef30 Uncommon trap: trap_request=0xfffffff4 fr.pc=0x000002243ec37614 relative=0x0000000000000e14
Event: 7548.764 Thread 0x000002242e57ef30 Uncommon trap: reason=null_check action=make_not_entrant pc=0x000002243ec37614 method=java.lang.invoke.MethodTypeForm.cachedLambdaForm(I)Ljava/lang/invoke/LambdaForm; @ 15 c2
Event: 7548.764 Thread 0x000002242e57ef30 DEOPT PACKING pc=0x000002243ec37614 sp=0x000000775d2fe4c0
Event: 7548.764 Thread 0x000002242e57ef30 DEOPT UNPACKING pc=0x000002243e367b82 sp=0x000000775d2fe388 mode 2
Event: 7548.765 Thread 0x000002242e57ef30 Uncommon trap: trap_request=0xfffffff4 fr.pc=0x000002243ec39ee0 relative=0x0000000000001160
Event: 7548.765 Thread 0x000002242e57ef30 Uncommon trap: reason=null_check action=make_not_entrant pc=0x000002243ec39ee0 method=java.lang.invoke.MethodTypeForm.cachedLambdaForm(I)Ljava/lang/invoke/LambdaForm; @ 15 c2
Event: 7548.765 Thread 0x000002242e57ef30 DEOPT PACKING pc=0x000002243ec39ee0 sp=0x000000775d2fe430
Event: 7548.765 Thread 0x000002242e57ef30 DEOPT UNPACKING pc=0x000002243e367b82 sp=0x000000775d2fe380 mode 2

Classes loaded (20 events):
Event: 7547.715 Loading class java/util/zip/Deflater
Event: 7547.716 Loading class java/util/zip/Deflater done
Event: 7547.716 Loading class java/util/zip/Deflater$DeflaterZStreamRef
Event: 7547.717 Loading class java/util/zip/Deflater$DeflaterZStreamRef done
Event: 7547.732 Loading class java/util/Collections$EmptyListIterator
Event: 7547.732 Loading class java/util/Collections$EmptyListIterator done
Event: 7547.756 Loading class java/lang/Throwable$WrappedPrintWriter
Event: 7547.756 Loading class java/lang/Throwable$PrintStreamOrWriter
Event: 7547.756 Loading class java/lang/Throwable$PrintStreamOrWriter done
Event: 7547.756 Loading class java/lang/Throwable$WrappedPrintWriter done
Event: 7548.418 Loading class javax/security/auth/login/Configuration
Event: 7548.419 Loading class javax/security/auth/login/Configuration done
Event: 7548.723 Loading class java/lang/invoke/GenerateJLIClassesHelper
Event: 7548.724 Loading class java/lang/invoke/GenerateJLIClassesHelper done
Event: 7548.724 Loading class java/lang/invoke/GenerateJLIClassesHelper$HolderClassBuilder
Event: 7548.724 Loading class java/lang/invoke/GenerateJLIClassesHelper$HolderClassBuilder done
Event: 7548.772 Loading class java/lang/invoke/BoundMethodHandle$Species_J
Event: 7548.772 Loading class java/lang/invoke/BoundMethodHandle$Species_J done
Event: 7548.816 Loading class java/lang/invoke/BoundMethodHandle$Species_F
Event: 7548.816 Loading class java/lang/invoke/BoundMethodHandle$Species_F done

Classes unloaded (20 events):
Event: 3100.329 Thread 0x000002242e634080 Unloading class 0x000000003f095000 'java/lang/invoke/LambdaForm$MH+0x000000003f095000'
Event: 3100.329 Thread 0x000002242e634080 Unloading class 0x000000003f094c00 'java/lang/invoke/LambdaForm$MH+0x000000003f094c00'
Event: 3100.329 Thread 0x000002242e634080 Unloading class 0x000000003f04b800 'java/lang/invoke/LambdaForm$MH+0x000000003f04b800'
Event: 3100.329 Thread 0x000002242e634080 Unloading class 0x000000003f04b400 'java/lang/invoke/LambdaForm$MH+0x000000003f04b400'
Event: 3100.329 Thread 0x000002242e634080 Unloading class 0x000000003f04b000 'java/lang/invoke/LambdaForm$MH+0x000000003f04b000'
Event: 3100.329 Thread 0x000002242e634080 Unloading class 0x000000003f04ac00 'java/lang/invoke/LambdaForm$MH+0x000000003f04ac00'
Event: 3100.329 Thread 0x000002242e634080 Unloading class 0x000000003f04a800 'java/lang/invoke/LambdaForm$BMH+0x000000003f04a800'
Event: 3100.329 Thread 0x000002242e634080 Unloading class 0x000000003f04a000 'java/lang/invoke/LambdaForm$DMH+0x000000003f04a000'
Event: 3100.329 Thread 0x000002242e634080 Unloading class 0x000000003f047800 'java/lang/invoke/LambdaForm$MH+0x000000003f047800'
Event: 3100.329 Thread 0x000002242e634080 Unloading class 0x000000003f047400 'java/lang/invoke/LambdaForm$MH+0x000000003f047400'
Event: 3100.329 Thread 0x000002242e634080 Unloading class 0x000000003f047000 'java/lang/invoke/LambdaForm$MH+0x000000003f047000'
Event: 3100.329 Thread 0x000002242e634080 Unloading class 0x000000003f045c00 'java/lang/invoke/LambdaForm$MH+0x000000003f045c00'
Event: 3100.329 Thread 0x000002242e634080 Unloading class 0x000000003f045800 'java/lang/invoke/LambdaForm$MH+0x000000003f045800'
Event: 3100.329 Thread 0x000002242e634080 Unloading class 0x000000003f045400 'java/lang/invoke/LambdaForm$MH+0x000000003f045400'
Event: 3100.329 Thread 0x000002242e634080 Unloading class 0x000000003f045000 'java/lang/invoke/LambdaForm$MH+0x000000003f045000'
Event: 3100.329 Thread 0x000002242e634080 Unloading class 0x000000003f044c00 'java/lang/invoke/LambdaForm$BMH+0x000000003f044c00'
Event: 3100.329 Thread 0x000002242e634080 Unloading class 0x000000003f043400 'java/lang/invoke/LambdaForm$DMH+0x000000003f043400'
Event: 3100.329 Thread 0x000002242e634080 Unloading class 0x000000003f041c00 'java/lang/invoke/LambdaForm$MH+0x000000003f041c00'
Event: 3100.329 Thread 0x000002242e634080 Unloading class 0x000000003f041800 'java/lang/invoke/LambdaForm$MH+0x000000003f041800'
Event: 3100.329 Thread 0x000002242e634080 Unloading class 0x000000003f041000 'java/lang/invoke/LambdaForm$MH+0x000000003f041000'

Classes redefined (0 events):
No events

Internal exceptions (20 events):
Event: 7548.824 Thread 0x000002242e57ef30 Exception <a 'java/lang/NoSuchMethodError'{0x00000000d72f3688}: 'java.lang.Object java.lang.invoke.Invokers$Holder.invoke_MT(java.lang.Object, int, java.lang.Object)'> (0x00000000d72f3688) 
thrown [s\open\src\hotspot\share\interpreter\linkResolver.cpp, line 804]
Event: 7548.824 Thread 0x000002242e57ef30 Exception <a 'java/lang/NoSuchMethodError'{0x00000000d72fbb18}: 'void java.lang.invoke.Invokers$Holder.invoke_MT(java.lang.Object, java.lang.Object, int, java.lang.Object)'> (0x00000000d72fbb18) 
thrown [s\open\src\hotspot\share\interpreter\linkResolver.cpp, line 804]
Event: 7548.827 Thread 0x000002242e57ef30 Exception <a 'java/lang/NoSuchMethodError'{0x00000000d5586e10}: 'int java.lang.invoke.Invokers$Holder.invoke_MT(java.lang.Object, java.lang.Object)'> (0x00000000d5586e10) 
thrown [s\open\src\hotspot\share\interpreter\linkResolver.cpp, line 804]
Event: 7548.827 Thread 0x000002242e57ef30 Exception <a 'java/lang/NoSuchMethodError'{0x00000000d558f2d0}: 'long java.lang.invoke.Invokers$Holder.invoke_MT(java.lang.Object, java.lang.Object)'> (0x00000000d558f2d0) 
thrown [s\open\src\hotspot\share\interpreter\linkResolver.cpp, line 804]
Event: 7548.827 Thread 0x000002242e57ef30 Exception <a 'java/lang/NoSuchMethodError'{0x00000000d559bcc8}: 'java.lang.Object java.lang.invoke.Invokers$Holder.linkToCallSite(int, int, int, java.lang.Object)'> (0x00000000d559bcc8) 
thrown [s\open\src\hotspot\share\interpreter\linkResolver.cpp, line 804]
Event: 7548.828 Thread 0x000002242e57ef30 Exception <a 'java/lang/NoSuchMethodError'{0x00000000d55a43f0}: 'java.lang.Object java.lang.invoke.Invokers$Holder.linkToCallSite(int, long, java.lang.Object)'> (0x00000000d55a43f0) 
thrown [s\open\src\hotspot\share\interpreter\linkResolver.cpp, line 804]
Event: 7548.828 Thread 0x000002242e57ef30 Exception <a 'java/lang/NoSuchMethodError'{0x00000000d55ac598}: 'java.lang.Object java.lang.invoke.Invokers$Holder.linkToCallSite(int, java.lang.Object, java.lang.Object, java.lang.Object)'> (0x00000000d55ac598) 
thrown [s\open\src\hotspot\share\interpreter\linkResolver.cpp, line 804]
Event: 7548.828 Thread 0x000002242e57ef30 Exception <a 'java/lang/NoSuchMethodError'{0x00000000d55b4928}: 'java.lang.Object java.lang.invoke.Invokers$Holder.linkToCallSite(int, java.lang.Object, java.lang.Object, java.lang.Object, java.lang.Object)'> (0x00000000d55b4928) 
thrown [s\open\src\hotspot\share\interpreter\linkResolver.cpp, line 804]
Event: 7548.828 Thread 0x000002242e57ef30 Exception <a 'java/lang/NoSuchMethodError'{0x00000000d55c1600}: 'java.lang.Object java.lang.invoke.Invokers$Holder.linkToCallSite(java.lang.Object, java.lang.Object, java.lang.Object, int, java.lang.Object, java.lang.Object, java.lang.Object)'> (0x00000000d55c1600) 
thrown [s\open\src\hotspot\share\interpreter\linkResolver.cpp, line 804]
Event: 7548.829 Thread 0x000002242e57ef30 Exception <a 'java/lang/NoSuchMethodError'{0x00000000d55c9b80}: 'java.lang.Object java.lang.invoke.Invokers$Holder.linkToCallSite(java.lang.Object, java.lang.Object, java.lang.Object, int, java.lang.Object, java.lang.Object)'> (0x00000000d55c9b80) 
thrown [s\open\src\hotspot\share\interpreter\linkResolver.cpp, line 804]
Event: 7548.829 Thread 0x000002242e57ef30 Exception <a 'java/lang/NoSuchMethodError'{0x00000000d55d4c10}: 'java.lang.Object java.lang.invoke.Invokers$Holder.linkToCallSite(java.lang.Object, java.lang.Object, java.lang.Object, java.lang.Object, java.lang.Object, java.lang.Object, java.lang.Object, java.lang.Object, java.lang.Object, int, java.lang.Object, java.lang.Object, java.lang.Object, java.lang.Object)'> (0x00000000d55d4c10) 
thrown [s\open\src\hotspot\share\interpreter\linkResolver.cpp, line 804]
Event: 7548.829 Thread 0x000002242e57ef30 Exception <a 'java/lang/NoSuchMethodError'{0x00000000d55e0548}: 'java.lang.Object java.lang.invoke.Invokers$Holder.linkToCallSite(java.lang.Object, int, java.lang.Object, java.lang.Object, java.lang.Object)'> (0x00000000d55e0548) 
thrown [s\open\src\hotspot\share\interpreter\linkResolver.cpp, line 804]
Event: 7548.829 Thread 0x000002242e57ef30 Exception <a 'java/lang/NoSuchMethodError'{0x00000000d55e89d0}: 'java.lang.Object java.lang.invoke.Invokers$Holder.linkToCallSite(java.lang.Object, int, java.lang.Object, java.lang.Object, java.lang.Object, java.lang.Object, java.lang.Object)'> (0x00000000d55e89d0) 
thrown [s\open\src\hotspot\share\interpreter\linkResolver.cpp, line 804]
Event: 7548.829 Thread 0x000002242e57ef30 Exception <a 'java/lang/NoSuchMethodError'{0x00000000d55f0f40}: 'java.lang.Object java.lang.invoke.Invokers$Holder.linkToCallSite(java.lang.Object, int, java.lang.Object, int, java.lang.Object, java.lang.Object)'> (0x00000000d55f0f40) 
thrown [s\open\src\hotspot\share\interpreter\linkResolver.cpp, line 804]
Event: 7548.829 Thread 0x000002242e57ef30 Exception <a 'java/lang/NoSuchMethodError'{0x00000000d55f92c8}: 'java.lang.Object java.lang.invoke.Invokers$Holder.linkToCallSite(java.lang.Object, int, java.lang.Object, java.lang.Object)'> (0x00000000d55f92c8) 
thrown [s\open\src\hotspot\share\interpreter\linkResolver.cpp, line 804]
Event: 7548.829 Thread 0x000002242e57ef30 Exception <a 'java/lang/NoSuchMethodError'{0x00000000d5602198}: 'java.lang.Object java.lang.invoke.Invokers$Holder.linkToCallSite(java.lang.Object, long, java.lang.Object, java.lang.Object)'> (0x00000000d5602198) 
thrown [s\open\src\hotspot\share\interpreter\linkResolver.cpp, line 804]
Event: 7548.829 Thread 0x000002242e57ef30 Exception <a 'java/lang/NoSuchMethodError'{0x00000000d560a460}: 'java.lang.Object java.lang.invoke.Invokers$Holder.linkToCallSite(java.lang.Object, long, java.lang.Object)'> (0x00000000d560a460) 
thrown [s\open\src\hotspot\share\interpreter\linkResolver.cpp, line 804]
Event: 7548.829 Thread 0x000002242e57ef30 Exception <a 'java/lang/NoSuchMethodError'{0x00000000d56126e0}: 'java.lang.Object java.lang.invoke.Invokers$Holder.linkToCallSite(java.lang.Object, java.lang.Object, int, java.lang.Object, java.lang.Object)'> (0x00000000d56126e0) 
thrown [s\open\src\hotspot\share\interpreter\linkResolver.cpp, line 804]
Event: 7548.830 Thread 0x000002242e57ef30 Exception <a 'java/lang/NoSuchMethodError'{0x00000000d561aa48}: 'java.lang.Object java.lang.invoke.Invokers$Holder.linkToCallSite(java.lang.Object, java.lang.Object, int, java.lang.Object)'> (0x00000000d561aa48) 
thrown [s\open\src\hotspot\share\interpreter\linkResolver.cpp, line 804]
Event: 7548.830 Thread 0x000002242e57ef30 Exception <a 'java/lang/NoSuchMethodError'{0x00000000d5622d20}: 'java.lang.Object java.lang.invoke.Invokers$Holder.linkToCallSite(java.lang.Object, java.lang.Object, long, java.lang.Object)'> (0x00000000d5622d20) 
thrown [s\open\src\hotspot\share\interpreter\linkResolver.cpp, line 804]

VM Operations (20 events):
Event: 7548.506 Executing non-safepoint VM operation: HandshakeAllThreads (Deoptimize) done
Event: 7548.514 Executing safepoint VM operation: ParallelCollectForAllocation (Allocation Failure)
Event: 7548.517 Executing safepoint VM operation: ParallelCollectForAllocation (Allocation Failure) done
Event: 7548.653 Executing non-safepoint VM operation: HandshakeAllThreads (Deoptimize)
Event: 7548.653 Executing non-safepoint VM operation: HandshakeAllThreads (Deoptimize) done
Event: 7548.659 Executing non-safepoint VM operation: HandshakeAllThreads (Deoptimize)
Event: 7548.659 Executing non-safepoint VM operation: HandshakeAllThreads (Deoptimize) done
Event: 7548.665 Executing non-safepoint VM operation: HandshakeAllThreads (Deoptimize)
Event: 7548.665 Executing non-safepoint VM operation: HandshakeAllThreads (Deoptimize) done
Event: 7548.668 Executing non-safepoint VM operation: HandshakeAllThreads (Deoptimize)
Event: 7548.668 Executing non-safepoint VM operation: HandshakeAllThreads (Deoptimize) done
Event: 7548.671 Executing non-safepoint VM operation: HandshakeAllThreads (Deoptimize)
Event: 7548.671 Executing non-safepoint VM operation: HandshakeAllThreads (Deoptimize) done
Event: 7548.684 Executing non-safepoint VM operation: HandshakeAllThreads (Deoptimize)
Event: 7548.684 Executing non-safepoint VM operation: HandshakeAllThreads (Deoptimize) done
Event: 7548.691 Executing non-safepoint VM operation: HandshakeAllThreads (Deoptimize)
Event: 7548.691 Executing non-safepoint VM operation: HandshakeAllThreads (Deoptimize) done
Event: 7548.824 Executing safepoint VM operation: ParallelCollectForAllocation (Allocation Failure)
Event: 7548.826 Executing safepoint VM operation: ParallelCollectForAllocation (Allocation Failure) done
Event: 7548.839 Executing safepoint VM operation: PopulateDumpSharedSpace

Memory protections (0 events):
No events

Nmethod flushes (20 events):
Event: 3100.357 Thread 0x000002242e634080 flushing  nmethod 0x0000022437b12508
Event: 3100.357 Thread 0x000002242e634080 flushing  nmethod 0x0000022437b13408
Event: 3100.357 Thread 0x000002242e634080 flushing  nmethod 0x0000022437b17008
Event: 3100.357 Thread 0x000002242e634080 flushing  nmethod 0x0000022437b1a308
Event: 3100.357 Thread 0x000002242e634080 flushing  nmethod 0x0000022437b24788
Event: 3100.357 Thread 0x000002242e634080 flushing  nmethod 0x0000022437b2c788
Event: 3100.357 Thread 0x000002242e634080 flushing  nmethod 0x0000022437b53c88
Event: 3100.357 Thread 0x000002242e634080 flushing  nmethod 0x0000022437bba088
Event: 3100.357 Thread 0x000002242e634080 flushing  nmethod 0x0000022437bbfe88
Event: 3100.357 Thread 0x000002242e634080 flushing  nmethod 0x0000022437bd3c88
Event: 3100.357 Thread 0x000002242e634080 flushing  nmethod 0x0000022437c79088
Event: 3100.357 Thread 0x000002242e634080 flushing  nmethod 0x0000022437c83688
Event: 3100.357 Thread 0x000002242e634080 flushing  nmethod 0x0000022437c8f688
Event: 3100.357 Thread 0x000002242e634080 flushing  nmethod 0x0000022437c90988
Event: 3100.357 Thread 0x000002242e634080 flushing  nmethod 0x0000022437c92b08
Event: 3100.357 Thread 0x000002242e634080 flushing  nmethod 0x0000022437ca7e88
Event: 3100.357 Thread 0x000002242e634080 flushing  nmethod 0x0000022437cb0d08
Event: 3100.357 Thread 0x000002242e634080 flushing  nmethod 0x0000022437cbe008
Event: 3100.357 Thread 0x000002242e634080 flushing  nmethod 0x0000022437cc8508
Event: 3100.357 Thread 0x000002242e634080 flushing  nmethod 0x0000022437ce7608

Events (20 events):
Event: 7548.400 Thread 0x0000022450e2f940 Thread exited: 0x0000022450e2f940
Event: 7548.408 Thread 0x000002245453ab00 Thread exited: 0x000002245453ab00
Event: 7548.513 Thread 0x000002242e590cb0 Thread added: 0x0000022454a7e640
Event: 7548.557 Thread 0x000002245057d3a0 Thread exited: 0x000002245057d3a0
Event: 7548.557 Thread 0x00000224542c2810 Thread exited: 0x00000224542c2810
Event: 7548.557 Thread 0x000002244f6a6870 Thread exited: 0x000002244f6a6870
Event: 7548.562 Thread 0x00000224505775e0 Thread exited: 0x00000224505775e0
Event: 7548.571 Thread 0x000002245057a4c0 Thread exited: 0x000002245057a4c0
Event: 7548.571 Thread 0x000002244ffde5d0 Thread exited: 0x000002244ffde5d0
Event: 7548.573 Thread 0x000002244ffe0510 Thread exited: 0x000002244ffe0510
Event: 7548.573 Thread 0x000002244fd136d0 Thread exited: 0x000002244fd136d0
Event: 7548.574 Thread 0x000002244fd10fc0 Thread exited: 0x000002244fd10fc0
Event: 7548.579 Thread 0x00000224542c6690 Thread exited: 0x00000224542c6690
Event: 7548.579 Thread 0x000002242e57ef30 Thread added: 0x00000224542c4f20
Event: 7548.579 Thread 0x00000224542c4f20 Thread exited: 0x00000224542c4f20
Event: 7548.581 Thread 0x000002242e57ef30 Before exit entered
Event: 7548.656 Thread 0x0000022454a7e640 Thread exited: 0x0000022454a7e640
Event: 7548.727 Thread 0x000002242e58f480 Thread added: 0x000002244f3ef810
Event: 7548.761 Thread 0x000002242e58f480 Thread added: 0x000002244f3f0020
Event: 7548.782 Thread 0x000002242e58f480 Thread added: 0x000002244f3f1040


Dynamic libraries:
0x00007ff7e23a0000 - 0x00007ff7e23b0000 	C:\Program Files\Java\jdk-25\bin\java.exe
0x00007ff980020000 - 0x00007ff980288000 	C:\WINDOWS\SYSTEM32\ntdll.dll
0x00007ff97f360000 - 0x00007ff97f429000 	C:\WINDOWS\System32\KERNEL32.DLL
0x00007ff97d170000 - 0x00007ff97d568000 	C:\WINDOWS\System32\KERNELBASE.dll
0x00007ff97d720000 - 0x00007ff97d86b000 	C:\WINDOWS\System32\ucrtbase.dll
0x00007ff945860000 - 0x00007ff945877000 	C:\Program Files\Java\jdk-25\bin\jli.dll
0x00007ff946920000 - 0x00007ff94693e000 	C:\Program Files\Java\jdk-25\bin\VCRUNTIME140.dll
0x00007ff97dde0000 - 0x00007ff97dfa7000 	C:\WINDOWS\System32\USER32.dll
0x00007ff95dc90000 - 0x00007ff95df24000 	C:\WINDOWS\WinSxS\amd64_microsoft.windows.common-controls_6595b64144ccf1df_6.0.26100.7019_none_3e06ffa0e335b8a8\COMCTL32.dll
0x00007ff97dfb0000 - 0x00007ff97e059000 	C:\WINDOWS\System32\msvcrt.dll
0x00007ff97d570000 - 0x00007ff97d597000 	C:\WINDOWS\System32\win32u.dll
0x00007ff97fba0000 - 0x00007ff97fbcb000 	C:\WINDOWS\System32\GDI32.dll
0x00007ff97dc90000 - 0x00007ff97ddbc000 	C:\WINDOWS\System32\gdi32full.dll
0x00007ff97d870000 - 0x00007ff97d913000 	C:\WINDOWS\System32\msvcp_win.dll
0x00007ff97f180000 - 0x00007ff97f1b1000 	C:\WINDOWS\System32\IMM32.DLL
0x00007ff9763f0000 - 0x00007ff9763fc000 	C:\Program Files\Java\jdk-25\bin\vcruntime140_1.dll
0x00007ff913f60000 - 0x00007ff913fed000 	C:\Program Files\Java\jdk-25\bin\msvcp140.dll
0x00007ff8b32a0000 - 0x00007ff8b40ff000 	C:\Program Files\Java\jdk-25\bin\server\jvm.dll
0x00007ff97e060000 - 0x00007ff97e114000 	C:\WINDOWS\System32\ADVAPI32.dll
0x00007ff97e6e0000 - 0x00007ff97e786000 	C:\WINDOWS\System32\sechost.dll
0x00007ff97e120000 - 0x00007ff97e238000 	C:\WINDOWS\System32\RPCRT4.dll
0x00007ff97fcb0000 - 0x00007ff97fd24000 	C:\WINDOWS\System32\WS2_32.dll
0x00007ff97bd50000 - 0x00007ff97bdae000 	C:\WINDOWS\SYSTEM32\POWRPROF.dll
0x00007ff972900000 - 0x00007ff97290b000 	C:\WINDOWS\SYSTEM32\VERSION.dll
0x00007ff9728c0000 - 0x00007ff9728f5000 	C:\WINDOWS\SYSTEM32\WINMM.dll
0x00007ff97bd30000 - 0x00007ff97bd44000 	C:\WINDOWS\SYSTEM32\UMPDC.dll
0x00007ff97bf70000 - 0x00007ff97bf8b000 	C:\WINDOWS\SYSTEM32\kernel.appcore.dll
0x00007ff971210000 - 0x00007ff97121a000 	C:\Program Files\Java\jdk-25\bin\jimage.dll
0x00007ff97a890000 - 0x00007ff97aad2000 	C:\WINDOWS\SYSTEM32\DBGHELP.DLL
0x00007ff97e790000 - 0x00007ff97eb1b000 	C:\WINDOWS\System32\combase.dll
0x00007ff97fbd0000 - 0x00007ff97fca7000 	C:\WINDOWS\System32\OLEAUT32.dll
0x00007ff94eb30000 - 0x00007ff94eb6c000 	C:\WINDOWS\SYSTEM32\dbgcore.DLL
0x00007ff97da70000 - 0x00007ff97db15000 	C:\WINDOWS\System32\bcryptPrimitives.dll
0x00007ff95a360000 - 0x00007ff95a370000 	C:\Program Files\Java\jdk-25\bin\instrument.dll
0x00007ff945750000 - 0x00007ff94576f000 	C:\Program Files\Java\jdk-25\bin\java.dll
0x00007ff97f1c0000 - 0x00007ff97f357000 	C:\WINDOWS\System32\ole32.dll
0x00007ff97f440000 - 0x00007ff97fb8f000 	C:\WINDOWS\System32\SHELL32.dll
0x00007ff97db20000 - 0x00007ff97dc8b000 	C:\WINDOWS\System32\wintypes.dll
0x00007ff941250000 - 0x00007ff941267000 	C:\Program Files\Java\jdk-25\bin\zip.dll
0x00007ff97ad70000 - 0x00007ff97b5cd000 	C:\WINDOWS\SYSTEM32\windows.storage.dll
0x00007ff97ecf0000 - 0x00007ff97ede2000 	C:\WINDOWS\System32\SHCORE.dll
0x00007ff97fec0000 - 0x00007ff97ff27000 	C:\WINDOWS\System32\shlwapi.dll
0x00007ff97d090000 - 0x00007ff97d0b9000 	C:\WINDOWS\SYSTEM32\profapi.dll
0x00007ff941130000 - 0x00007ff941142000 	C:\Program Files\Java\jdk-25\bin\net.dll
0x00007ff97c560000 - 0x00007ff97c5cb000 	C:\WINDOWS\system32\mswsock.dll
0x00007ff9408c0000 - 0x00007ff9408d6000 	C:\Program Files\Java\jdk-25\bin\nio.dll
0x00007ff9586a0000 - 0x00007ff9586b0000 	C:\Program Files\Java\jdk-25\bin\verify.dll
0x00007ff913a20000 - 0x00007ff913a64000 	C:\Users\Lenovo\AppData\Roaming\Code\User\globalStorage\redhat.java\1.50.2025112208\config_win\org.eclipse.equinox.launcher\org.eclipse.equinox.launcher.win32.win32.x86_64_1.2.1400.v20250801-0854\eclipse_11916.dll
0x00007ff97c950000 - 0x00007ff97c96b000 	C:\WINDOWS\SYSTEM32\CRYPTSP.dll
0x00007ff97bf90000 - 0x00007ff97bfca000 	C:\WINDOWS\system32\rsaenh.dll
0x00007ff97c610000 - 0x00007ff97c63b000 	C:\WINDOWS\SYSTEM32\USERENV.dll
0x00007ff97d060000 - 0x00007ff97d08a000 	C:\WINDOWS\SYSTEM32\bcrypt.dll
0x00007ff97c7b0000 - 0x00007ff97c7bc000 	C:\WINDOWS\SYSTEM32\CRYPTBASE.dll
0x00007ff97ba20000 - 0x00007ff97ba54000 	C:\WINDOWS\SYSTEM32\IPHLPAPI.DLL
0x00007ff97ddc0000 - 0x00007ff97ddca000 	C:\WINDOWS\System32\NSI.dll
0x00007ff911310000 - 0x00007ff911359000 	C:\Users\Lenovo\AppData\Local\Temp\jna--1813078852\jna4310203446977948545.dll
0x00007ff97f430000 - 0x00007ff97f438000 	C:\WINDOWS\System32\PSAPI.DLL
0x00007ff972330000 - 0x00007ff972458000 	C:\WINDOWS\SYSTEM32\winhttp.dll
0x00007ff972f90000 - 0x00007ff972fae000 	C:\WINDOWS\SYSTEM32\dhcpcsvc6.DLL
0x00007ff972910000 - 0x00007ff972933000 	C:\WINDOWS\SYSTEM32\dhcpcsvc.DLL
0x00007ff976450000 - 0x00007ff97645e000 	C:\Program Files\Java\jdk-25\bin\sunmscapi.dll
0x00007ff97d5a0000 - 0x00007ff97d717000 	C:\WINDOWS\System32\CRYPT32.dll
0x00007ff97caa0000 - 0x00007ff97cad0000 	C:\WINDOWS\SYSTEM32\ncrypt.dll
0x00007ff97ca50000 - 0x00007ff97ca8f000 	C:\WINDOWS\SYSTEM32\NTASN1.dll
0x00007ff97bb00000 - 0x00007ff97bc2c000 	C:\WINDOWS\SYSTEM32\DNSAPI.dll
0x0000000000e20000 - 0x0000000000e2b000 	C:\Program Files\National Instruments\Shared\mDNS Responder\nimdnsNSP.dll
0x0000000000e30000 - 0x0000000000e41000 	C:\WINDOWS\SYSTEM32\nimdnsResponder.dll
0x00007ff96fe40000 - 0x00007ff96fe4b000 	C:\Windows\System32\rasadhlp.dll
0x00007ff970b30000 - 0x00007ff970bb6000 	C:\WINDOWS\System32\fwpuclnt.dll
0x00007ff976440000 - 0x00007ff976449000 	C:\Program Files\Java\jdk-25\bin\extnet.dll
0x00007ff97c130000 - 0x00007ff97c166000 	C:\WINDOWS\SYSTEM32\ntmarta.dll

JVMTI agents:
c:\Users\Lenovo\.vscode\extensions\redhat.java-1.50.2025112208\lombok\lombok-1.18.39-4050.jar path:C:\Program Files\Java\jdk-25\bin\instrument.dll, loaded, initialized, instrumentlib options:none

dbghelp: loaded successfully - version: 4.0.5 - missing functions: none
symbol engine: initialized successfully - sym options: 0x614 - pdb path: .;C:\Program Files\Java\jdk-25\bin;C:\WINDOWS\SYSTEM32;C:\WINDOWS\WinSxS\amd64_microsoft.windows.common-controls_6595b64144ccf1df_6.0.26100.7019_none_3e06ffa0e335b8a8;C:\Program Files\Java\jdk-25\bin\server;C:\Users\Lenovo\AppData\Roaming\Code\User\globalStorage\redhat.java\1.50.2025112208\config_win\org.eclipse.equinox.launcher\org.eclipse.equinox.launcher.win32.win32.x86_64_1.2.1400.v20250801-0854;C:\Users\Lenovo\AppData\Local\Temp\jna--1813078852;C:\Program Files\National Instruments\Shared\mDNS Responder

VM Arguments:
jvm_args: -Djdk.xml.maxGeneralEntitySizeLimit=0 -Djdk.xml.totalEntitySizeLimit=0 --add-modules=ALL-SYSTEM --add-opens=java.base/java.util=ALL-UNNAMED --add-opens=java.base/java.lang=ALL-UNNAMED --add-opens=java.base/sun.nio.fs=ALL-UNNAMED -Declipse.application=org.eclipse.jdt.ls.core.id1 -Dosgi.bundles.defaultStartLevel=4 -Declipse.product=org.eclipse.jdt.ls.core.product -Djava.import.generatesMetadataFilesAtProjectRoot=false -DDetectVMInstallationsJob.disabled=true -Dfile.encoding=utf8 -XX:+UseParallelGC -XX:GCTimeRatio=4 -XX:AdaptiveSizePolicyWeight=90 -Dsun.zip.disableMemoryMapping=true -Xmx2G -Xms100m -Xlog:disable -javaagent:c:\Users\Lenovo\.vscode\extensions\redhat.java-1.50.2025112208\lombok\lombok-1.18.39-4050.jar -XX:+HeapDumpOnOutOfMemoryError -XX:HeapDumpPath=c:\Users\Lenovo\AppData\Roaming\Code\User\workspaceStorage\3e70c17b0af157a259cba7e844dfa678\redhat.java -Daether.dependencyCollector.impl=bf -XX:+UnlockDiagnosticVMOptions -XX:+AllowArchivingWithJavaAgent -XX:+AutoCreateSharedArchive -XX:SharedArchiveFile=c:\Users\Lenovo\AppData\Roaming\Code\User\globalStorage\redhat.java\1.50.2025112208\jdtls.jsa 
java_command: c:\Users\Lenovo\.vscode\extensions\redhat.java-1.50.2025112208\server\plugins\org.eclipse.equinox.launcher_1.7.100.v20251111-0406.jar -configuration c:\Users\Lenovo\AppData\Roaming\Code\User\globalStorage\redhat.java\1.50.2025112208\config_win -data c:\Users\Lenovo\AppData\Roaming\Code\User\workspaceStorage\3e70c17b0af157a259cba7e844dfa678\redhat.java\jdt_ws --pipe=\\.\pipe\lsp-50fc28b828b338aa609a39f9975753f3-sock
java_class_path (initial): c:\Users\Lenovo\.vscode\extensions\redhat.java-1.50.2025112208\server\plugins\org.eclipse.equinox.launcher_1.7.100.v20251111-0406.jar
Launcher Type: SUN_STANDARD

[Global flags]
     bool AOTInvokeDynamicLinking                  = false                                  {diagnostic} {ergonomic}
     bool AOTRecordTraining                        = false                                  {diagnostic} {ergonomic}
     bool AOTReplayTraining                        = false                                  {diagnostic} {ergonomic}
     uint AdaptiveSizePolicyWeight                 = 90                                        {product} {command line}
     bool AllowArchivingWithJavaAgent              = true                                   {diagnostic} {command line}
    ccstr ArchiveClassesAtExit                     = c:\Users\Lenovo\AppData\Roaming\Code\User\globalStorage\redhat.java\1.50.2025112208\jdtls.jsa            {product} {ergonomic}
     bool AutoCreateSharedArchive                  = true                                      {product} {command line}
     intx CICompilerCount                          = 12                                        {product} {ergonomic}
     uint GCTimeRatio                              = 4                                         {product} {command line}
     bool HeapDumpOnOutOfMemoryError               = true                                   {manageable} {command line}
    ccstr HeapDumpPath                             = c:\Users\Lenovo\AppData\Roaming\Code\User\workspaceStorage\3e70c17b0af157a259cba7e844dfa678\redhat.java         {manageable} {command line}
   size_t InitialHeapSize                          = 104857600                                 {product} {command line}
   size_t MaxHeapSize                              = 2147483648                                {product} {command line}
   size_t MaxNewSize                               = 715653120                                 {product} {ergonomic}
   size_t MinHeapDeltaBytes                        = 524288                                    {product} {ergonomic}
   size_t MinHeapSize                              = 104857600                                 {product} {command line}
   size_t NewSize                                  = 34603008                                  {product} {ergonomic}
    uintx NonNMethodCodeHeapSize                   = 7602176                                {pd product} {ergonomic}
    uintx NonProfiledCodeHeapSize                  = 122093568                              {pd product} {ergonomic}
    uintx ProfiledCodeHeapSize                     = 121962496                              {pd product} {ergonomic}
    uintx ReservedCodeCacheSize                    = 251658240                              {pd product} {ergonomic}
     bool SegmentedCodeCache                       = true                                      {product} {ergonomic}
    ccstr SharedArchiveFile                        =                                           {product} {command line, ergonomic}
   size_t SoftMaxHeapSize                          = 2147483648                             {manageable} {ergonomic}
     bool UnlockDiagnosticVMOptions                = true                                   {diagnostic} {command line}
     bool UseCompressedOops                        = true                           {product lp64_product} {ergonomic}
     bool UseLargePagesIndividualAllocation        = false                                  {pd product} {ergonomic}
     bool UseParallelGC                            = true                                      {product} {command line}
      int X86ICacheSync                            = 3                                 {ARCH diagnostic} {ergonomic}

Logging:
Log output configuration:
 #0: stdout all=off uptime,level,tags foldmultilines=false
 #1: stderr all=off uptime,level,tags foldmultilines=false

Release file:
IMPLEMENTOR="Oracle Corporation" 
JAVA_RUNTIME_VERSION="25+37-LTS-3491" 
JAVA_VERSION="25" 
JAVA_VERSION_DATE="2025-09-16" 
LIBC="default" 
MODULES="java.base java.compiler java.datatransfer java.xml java.prefs java.desktop java.instrument java.logging java.management java.security.sasl java.naming java.rmi java.management.rmi java.net.http java.scripting java.security.jgss java.transaction.xa java.sql java.sql.rowset java.xml.crypto java.se java.smartcardio jdk.accessibility jdk.internal.jvmstat jdk.attach jdk.charsets jdk.internal.opt jdk.zipfs jdk.compiler jdk.crypto.cryptoki jdk.crypto.ec jdk.crypto.mscapi jdk.dynalink jdk.internal.ed jdk.editpad jdk.internal.vm.ci jdk.graal.compiler jdk.graal.compiler.management jdk.hotspot.agent jdk.httpserver jdk.incubator.vector jdk.internal.le jdk.internal.md jdk.jartool jdk.javadoc jdk.jcmd jdk.management jdk.management.agent jdk.jconsole jdk.jdeps jdk.jdwp.agent jdk.jdi jdk.jfr jdk.jlink jdk.jpackage jdk.jshell jdk.jsobject jdk.jstatd jdk.localedata jdk.management.jfr jdk.naming.dns jdk.naming.rmi jdk.net jdk.nio.mapmode jdk.sctp jdk.security.auth jdk.security.jgss jdk.unsupported jdk.unsupported.desktop jdk.xml.dom" 
OS_ARCH="x86_64" 
OS_NAME="Windows" 
SOURCE=".:git:49d6a23b8806 open:git:6c48f4ed707b" 

Environment Variables:
PATH=C:\Program Files\Common Files\Oracle\Java\javapath;C:\WINDOWS\system32;C:\WINDOWS;C:\WINDOWS\System32\Wbem;C:\WINDOWS\System32\WindowsPowerShell\v1.0\;C:\WINDOWS\System32\OpenSSH\;D:\Git\cmd;D:\New folder\My-Github\Apache\apache-maven-3.9.11;D:\Tools\Apache\Maven\apache-maven-3.9.11\bin;C:\Users\Lenovo\AppData\Local\Microsoft\WindowsApps;D:\Microsoft VS Code\bin;C:\Users\Lenovo\AppData\Local\PowerToys\;C:\Users\Lenovo\AppData\Local\GitHubDesktop\bin
USERNAME=Sofyan
OS=Windows_NT
PROCESSOR_IDENTIFIER=Intel64 Family 6 Model 183 Stepping 1, GenuineIntel
TMP=C:\Users\Lenovo\AppData\Local\Temp
TEMP=C:\Users\Lenovo\AppData\Local\Temp




Compilation memory statistics disabled.

Periodic native trim disabled

---------------  S Y S T E M  ---------------

OS:
 Windows 11 , 64 bit Build 26100 (10.0.26100.7019)
OS uptime: 0 days 2:26 hours
Hyper-V role detected

CPU: total 20 (initial active 20) (10 cores per cpu, 2 threads per core) family 6 model 183 stepping 1 microcode 0x12e, cx8, cmov, fxsr, ht, mmx, 3dnowpref, sse, sse2, sse3, ssse3, sse4.1, sse4.2, popcnt, lzcnt, tsc, tscinvbit, avx, avx2, aes, erms, clmul, bmi1, bmi2, adx, sha, fma, vzeroupper, clflush, clflushopt, clwb, hv, serialize, rdtscp, rdpid, fsrm, gfni, f16c, cet_ibt, cet_ss
Processor Information for processor 0
  Max Mhz: 2600, Current Mhz: 2600, Mhz Limit: 2600
Processor Information for processor 1
  Max Mhz: 2600, Current Mhz: 2600, Mhz Limit: 2600
Processor Information for processor 2
  Max Mhz: 2600, Current Mhz: 2600, Mhz Limit: 2600
Processor Information for processor 3
  Max Mhz: 2600, Current Mhz: 2600, Mhz Limit: 2600
Processor Information for processor 4
  Max Mhz: 2600, Current Mhz: 2600, Mhz Limit: 2600
Processor Information for processor 5
  Max Mhz: 2600, Current Mhz: 2600, Mhz Limit: 2600
Processor Information for processor 6
  Max Mhz: 2600, Current Mhz: 2600, Mhz Limit: 2600
Processor Information for processor 7
  Max Mhz: 2600, Current Mhz: 2600, Mhz Limit: 2600
Processor Information for processor 8
  Max Mhz: 2600, Current Mhz: 2600, Mhz Limit: 2600
Processor Information for processor 9
  Max Mhz: 2600, Current Mhz: 2600, Mhz Limit: 2600
Processor Information for processor 10
  Max Mhz: 2600, Current Mhz: 2600, Mhz Limit: 2600
Processor Information for processor 11
  Max Mhz: 2600, Current Mhz: 2600, Mhz Limit: 2600
Processor Information for processor 12
  Max Mhz: 2600, Current Mhz: 2600, Mhz Limit: 2600
Processor Information for processor 13
  Max Mhz: 2600, Current Mhz: 1505, Mhz Limit: 2600
Processor Information for processor 14
  Max Mhz: 2600, Current Mhz: 2600, Mhz Limit: 2600
Processor Information for processor 15
  Max Mhz: 2600, Current Mhz: 1505, Mhz Limit: 2600
Processor Information for processor 16
  Max Mhz: 2600, Current Mhz: 2600, Mhz Limit: 2600
Processor Information for processor 17
  Max Mhz: 2600, Current Mhz: 1505, Mhz Limit: 2600
Processor Information for processor 18
  Max Mhz: 2600, Current Mhz: 2600, Mhz Limit: 2600
Processor Information for processor 19
  Max Mhz: 2600, Current Mhz: 2600, Mhz Limit: 2600

Memory: 4k page, system-wide physical 16091M (8001M free)
TotalPageFile size 17115M (AvailPageFile size 6695M)
current process WorkingSet (physical memory assigned to process): 646M, peak: 646M
current process commit charge ("private bytes"): 777M, peak: 777M

vm_info: Java HotSpot(TM) 64-Bit Server VM (25+37-LTS-3491) for windows-amd64 JRE (25+37-LTS-3491), built on 2025-08-14T21:13:00Z with unknown MS VC++:1943

END.
